# JRE version: OpenJDK Runtime Environment (8.0_152-b01) (build 1.8.0_152-release-915-b01)
# Java VM: OpenJDK 64-Bit Server VM (25.152-b01 mixed mode windows-amd64 compressed oops)
Heap:
 PSYoungGen      total 305664K, used 304894K [0x00000000e0000000, 0x00000000f6a80000, 0x0000000100000000)
  eden space 281088K, 99% used [0x00000000e0000000,0x00000000f121c3d0,0x00000000f1280000)
  from space 24576K, 98% used [0x00000000f3f00000,0x00000000f56a3818,0x00000000f5700000)
  to   space 19968K, 99% used [0x00000000f5700000,0x00000000f6a79388,0x00000000f6a80000)
 ParOldGen       total 152064K, used 76624K [0x00000000a0000000, 0x00000000a9480000, 0x00000000e0000000)
  object space 152064K, 50% used [0x00000000a0000000,0x00000000a4ad4140,0x00000000a9480000)
 Metaspace       used 87610K, capacity 95136K, committed 95320K, reserved 1132544K
  class space    used 11211K, capacity 12879K, committed 12928K, reserved 1048576K
GC Heap History (10 events):
Event: 2317.326 GC heap after
Heap after GC invocations=20 (full 3):
 PSYoungGen      total 355840K, used 28665K [0x00000000e0000000, 0x00000000fa100000, 0x0000000100000000)
  eden space 327168K, 0% used [0x00000000e0000000,0x00000000e0000000,0x00000000f3f80000)
  from space 28672K, 99% used [0x00000000f3f80000,0x00000000f5b7e650,0x00000000f5b80000)
  to   space 32768K, 0% used [0x00000000f8100000,0x00000000f8100000,0x00000000fa100000)
 ParOldGen       total 152064K, used 58890K [0x00000000a0000000, 0x00000000a9480000, 0x00000000e0000000)
  object space 152064K, 38% used [0x00000000a0000000,0x00000000a3982ab0,0x00000000a9480000)
 Metaspace       used 84146K, capacity 89012K, committed 89176K, reserved 1126400K
  class space    used 10754K, capacity 11902K, committed 11904K, reserved 1048576K
}
Event: 2802.215 GC heap before
{Heap before GC invocations=21 (full 3):
 PSYoungGen      total 355840K, used 355833K [0x00000000e0000000, 0x00000000fa100000, 0x0000000100000000)
  eden space 327168K, 100% used [0x00000000e0000000,0x00000000f3f80000,0x00000000f3f80000)
  from space 28672K, 99% used [0x00000000f3f80000,0x00000000f5b7e650,0x00000000f5b80000)
  to   space 32768K, 0% used [0x00000000f8100000,0x00000000f8100000,0x00000000fa100000)
 ParOldGen       total 152064K, used 58890K [0x00000000a0000000, 0x00000000a9480000, 0x00000000e0000000)
  object space 152064K, 38% used [0x00000000a0000000,0x00000000a3982ab0,0x00000000a9480000)
 Metaspace       used 85002K, capacity 90498K, committed 90712K, reserved 1128448K
  class space    used 10861K, capacity 12153K, committed 12160K, reserved 1048576K
Event: 2802.284 GC heap after
Heap after GC invocations=21 (full 3):
 PSYoungGen      total 333824K, used 18943K [0x00000000e0000000, 0x00000000f9380000, 0x0000000100000000)
  eden space 314880K, 0% used [0x00000000e0000000,0x00000000e0000000,0x00000000f3380000)
  from space 18944K, 99% used [0x00000000f8100000,0x00000000f937fc98,0x00000000f9380000)
  to   space 32256K, 0% used [0x00000000f5480000,0x00000000f5480000,0x00000000f7400000)
 ParOldGen       total 152064K, used 64615K [0x00000000a0000000, 0x00000000a9480000, 0x00000000e0000000)
  object space 152064K, 42% used [0x00000000a0000000,0x00000000a3f19d90,0x00000000a9480000)
 Metaspace       used 85002K, capacity 90498K, committed 90712K, reserved 1128448K
  class space    used 10861K, capacity 12153K, committed 12160K, reserved 1048576K
}
Event: 4763.951 GC heap before
{Heap before GC invocations=22 (full 3):
 PSYoungGen      total 333824K, used 333823K [0x00000000e0000000, 0x00000000f9380000, 0x0000000100000000)
  eden space 314880K, 100% used [0x00000000e0000000,0x00000000f3380000,0x00000000f3380000)
  from space 18944K, 99% used [0x00000000f8100000,0x00000000f937fc98,0x00000000f9380000)
  to   space 32256K, 0% used [0x00000000f5480000,0x00000000f5480000,0x00000000f7400000)
 ParOldGen       total 152064K, used 64615K [0x00000000a0000000, 0x00000000a9480000, 0x00000000e0000000)
  object space 152064K, 42% used [0x00000000a0000000,0x00000000a3f19d90,0x00000000a9480000)
 Metaspace       used 85834K, capacity 92062K, committed 92376K, reserved 1128448K
  class space    used 10974K, capacity 12420K, committed 12544K, reserved 1048576K
Event: 4764.134 GC heap after
Heap after GC invocations=22 (full 3):
 PSYoungGen      total 325120K, used 21934K [0x00000000e0000000, 0x00000000f8180000, 0x0000000100000000)
  eden space 303104K, 0% used [0x00000000e0000000,0x00000000e0000000,0x00000000f2800000)
  from space 22016K, 99% used [0x00000000f5480000,0x00000000f69eb818,0x00000000f6a00000)
  to   space 24064K, 0% used [0x00000000f6a00000,0x00000000f6a00000,0x00000000f8180000)
 ParOldGen       total 152064K, used 64623K [0x00000000a0000000, 0x00000000a9480000, 0x00000000e0000000)
  object space 152064K, 42% used [0x00000000a0000000,0x00000000a3f1bd90,0x00000000a9480000)
 Metaspace       used 85834K, capacity 92062K, committed 92376K, reserved 1128448K
  class space    used 10974K, capacity 12420K, committed 12544K, reserved 1048576K
}
Event: 4775.462 GC heap before
{Heap before GC invocations=23 (full 3):
 PSYoungGen      total 325120K, used 325038K [0x00000000e0000000, 0x00000000f8180000, 0x0000000100000000)
  eden space 303104K, 100% used [0x00000000e0000000,0x00000000f2800000,0x00000000f2800000)
  from space 22016K, 99% used [0x00000000f5480000,0x00000000f69eb818,0x00000000f6a00000)
  to   space 24064K, 0% used [0x00000000f6a00000,0x00000000f6a00000,0x00000000f8180000)
 ParOldGen       total 152064K, used 64623K [0x00000000a0000000, 0x00000000a9480000, 0x00000000e0000000)
  object space 152064K, 42% used [0x00000000a0000000,0x00000000a3f1bd90,0x00000000a9480000)
 Metaspace       used 86186K, capacity 92432K, committed 92632K, reserved 1130496K
  class space    used 10997K, capacity 12455K, committed 12544K, reserved 1048576K
Event: 4775.621 GC heap after
Heap after GC invocations=23 (full 3):
 PSYoungGen      total 314368K, used 22222K [0x00000000e0000000, 0x00000000f8000000, 0x0000000100000000)
  eden space 291840K, 0% used [0x00000000e0000000,0x00000000e0000000,0x00000000f1d00000)
  from space 22528K, 98% used [0x00000000f6a00000,0x00000000f7fb3868,0x00000000f8000000)
  to   space 33280K, 0% used [0x00000000f3f00000,0x00000000f3f00000,0x00000000f5f80000)
 ParOldGen       total 152064K, used 64631K [0x00000000a0000000, 0x00000000a9480000, 0x00000000e0000000)
  object space 152064K, 42% used [0x00000000a0000000,0x00000000a3f1dd90,0x00000000a9480000)
 Metaspace       used 86186K, capacity 92432K, committed 92632K, reserved 1130496K
  class space    used 10997K, capacity 12455K, committed 12544K, reserved 1048576K
}
Event: 6461.753 GC heap before
{Heap before GC invocations=24 (full 3):
 PSYoungGen      total 314368K, used 314062K [0x00000000e0000000, 0x00000000f8000000, 0x0000000100000000)
  eden space 291840K, 100% used [0x00000000e0000000,0x00000000f1d00000,0x00000000f1d00000)
  from space 22528K, 98% used [0x00000000f6a00000,0x00000000f7fb3868,0x00000000f8000000)
  to   space 33280K, 0% used [0x00000000f3f00000,0x00000000f3f00000,0x00000000f5f80000)
 ParOldGen       total 152064K, used 64631K [0x00000000a0000000, 0x00000000a9480000, 0x00000000e0000000)
  object space 152064K, 42% used [0x00000000a0000000,0x00000000a3f1dd90,0x00000000a9480000)
 Metaspace       used 86609K, capacity 93040K, committed 93272K, reserved 1130496K
  class space    used 11054K, capacity 12575K, committed 12672K, reserved 1048576K
Event: 6462.120 GC heap after
Heap after GC invocations=24 (full 3):
 PSYoungGen      total 305664K, used 24206K [0x00000000e0000000, 0x00000000f6a80000, 0x0000000100000000)
  eden space 281088K, 0% used [0x00000000e0000000,0x00000000e0000000,0x00000000f1280000)
  from space 24576K, 98% used [0x00000000f3f00000,0x00000000f56a3818,0x00000000f5700000)
  to   space 19968K, 0% used [0x00000000f5700000,0x00000000f5700000,0x00000000f6a80000)
 ParOldGen       total 152064K, used 64639K [0x00000000a0000000, 0x00000000a9480000, 0x00000000e0000000)
  object space 152064K, 42% used [0x00000000a0000000,0x00000000a3f1fd90,0x00000000a9480000)
 Metaspace       used 86609K, capacity 93040K, committed 93272K, reserved 1130496K
  class space    used 11054K, capacity 12575K, committed 12672K, reserved 1048576K
}
Event: 6578.393 GC heap before
{Heap before GC invocations=25 (full 3):
 PSYoungGen      total 305664K, used 304894K [0x00000000e0000000, 0x00000000f6a80000, 0x0000000100000000)
  eden space 281088K, 99% used [0x00000000e0000000,0x00000000f121c3d0,0x00000000f1280000)
  from space 24576K, 98% used [0x00000000f3f00000,0x00000000f56a3818,0x00000000f5700000)
  to   space 19968K, 0% used [0x00000000f5700000,0x00000000f5700000,0x00000000f6a80000)
 ParOldGen       total 152064K, used 64639K [0x00000000a0000000, 0x00000000a9480000, 0x00000000e0000000)
  object space 152064K, 42% used [0x00000000a0000000,0x00000000a3f1fd90,0x00000000a9480000)
 Metaspace       used 87610K, capacity 95136K, committed 95320K, reserved 1132544K
  class space    used 11211K, capacity 12879K, committed 12928K, reserved 1048576K

