# JRE version: OpenJDK Runtime Environment (8.0_152-b01) (build 1.8.0_152-release-915-b01)
# Java VM: OpenJDK 64-Bit Server VM (25.152-b01 mixed mode windows-amd64 compressed oops)
Heap:
 PSYoungGen      total 189440K, used 55249K [0x00000000e0000000, 0x00000000f1f00000, 0x0000000100000000)
  eden space 166400K, 33% used [0x00000000e0000000,0x00000000e35f4620,0x00000000ea280000)
  from space 23040K, 0% used [0x00000000ea280000,0x00000000ea280000,0x00000000eb900000)
  to   space 24576K, 0% used [0x00000000f0700000,0x00000000f0700000,0x00000000f1f00000)
 ParOldGen       total 98816K, used 41422K [0x00000000a0000000, 0x00000000a6080000, 0x00000000e0000000)
  object space 98816K, 41% used [0x00000000a0000000,0x00000000a2873ad0,0x00000000a6080000)
 Metaspace       used 59118K, capacity 61568K, committed 61784K, reserved 1101824K
  class space    used 7908K, capacity 8471K, committed 8576K, reserved 1048576K
GC Heap History (10 events):
Event: 18.482 GC heap before
{Heap before GC invocations=10 (full 2):
 PSYoungGen      total 111104K, used 100352K [0x00000000e0000000, 0x00000000eab80000, 0x0000000100000000)
  eden space 100352K, 100% used [0x00000000e0000000,0x00000000e6200000,0x00000000e6200000)
  from space 10752K, 0% used [0x00000000e6200000,0x00000000e6200000,0x00000000e6c80000)
  to   space 11776K, 0% used [0x00000000ea000000,0x00000000ea000000,0x00000000eab80000)
 ParOldGen       total 98816K, used 15975K [0x00000000a0000000, 0x00000000a6080000, 0x00000000e0000000)
  object space 98816K, 16% used [0x00000000a0000000,0x00000000a0f99f38,0x00000000a6080000)
 Metaspace       used 41554K, capacity 42500K, committed 42968K, reserved 1087488K
  class space    used 5523K, capacity 5793K, committed 5888K, reserved 1048576K
Event: 18.513 GC heap after
Heap after GC invocations=10 (full 2):
 PSYoungGen      total 152064K, used 11199K [0x00000000e0000000, 0x00000000eab00000, 0x0000000100000000)
  eden space 140800K, 0% used [0x00000000e0000000,0x00000000e0000000,0x00000000e8980000)
  from space 11264K, 99% used [0x00000000ea000000,0x00000000eaaefcc8,0x00000000eab00000)
  to   space 12800K, 0% used [0x00000000e9200000,0x00000000e9200000,0x00000000e9e80000)
 ParOldGen       total 98816K, used 15983K [0x00000000a0000000, 0x00000000a6080000, 0x00000000e0000000)
  object space 98816K, 16% used [0x00000000a0000000,0x00000000a0f9bf38,0x00000000a6080000)
 Metaspace       used 41554K, capacity 42500K, committed 42968K, reserved 1087488K
  class space    used 5523K, capacity 5793K, committed 5888K, reserved 1048576K
}
Event: 24.471 GC heap before
{Heap before GC invocations=11 (full 2):
 PSYoungGen      total 152064K, used 151999K [0x00000000e0000000, 0x00000000eab00000, 0x0000000100000000)
  eden space 140800K, 100% used [0x00000000e0000000,0x00000000e8980000,0x00000000e8980000)
  from space 11264K, 99% used [0x00000000ea000000,0x00000000eaaefcc8,0x00000000eab00000)
  to   space 12800K, 0% used [0x00000000e9200000,0x00000000e9200000,0x00000000e9e80000)
 ParOldGen       total 98816K, used 15983K [0x00000000a0000000, 0x00000000a6080000, 0x00000000e0000000)
  object space 98816K, 16% used [0x00000000a0000000,0x00000000a0f9bf38,0x00000000a6080000)
 Metaspace       used 52134K, capacity 53980K, committed 54104K, reserved 1095680K
  class space    used 7055K, capacity 7529K, committed 7552K, reserved 1048576K
Event: 24.504 GC heap after
Heap after GC invocations=11 (full 2):
 PSYoungGen      total 162304K, used 12781K [0x00000000e0000000, 0x00000000ec980000, 0x0000000100000000)
  eden space 149504K, 0% used [0x00000000e0000000,0x00000000e0000000,0x00000000e9200000)
  from space 12800K, 99% used [0x00000000e9200000,0x00000000e9e7b4f0,0x00000000e9e80000)
  to   space 16896K, 0% used [0x00000000eb900000,0x00000000eb900000,0x00000000ec980000)
 ParOldGen       total 98816K, used 22940K [0x00000000a0000000, 0x00000000a6080000, 0x00000000e0000000)
  object space 98816K, 23% used [0x00000000a0000000,0x00000000a16672f0,0x00000000a6080000)
 Metaspace       used 52134K, capacity 53980K, committed 54104K, reserved 1095680K
  class space    used 7055K, capacity 7529K, committed 7552K, reserved 1048576K
}
Event: 31.190 GC heap before
{Heap before GC invocations=12 (full 2):
 PSYoungGen      total 162304K, used 162285K [0x00000000e0000000, 0x00000000ec980000, 0x0000000100000000)
  eden space 149504K, 100% used [0x00000000e0000000,0x00000000e9200000,0x00000000e9200000)
  from space 12800K, 99% used [0x00000000e9200000,0x00000000e9e7b4f0,0x00000000e9e80000)
  to   space 16896K, 0% used [0x00000000eb900000,0x00000000eb900000,0x00000000ec980000)
 ParOldGen       total 98816K, used 22940K [0x00000000a0000000, 0x00000000a6080000, 0x00000000e0000000)
  object space 98816K, 23% used [0x00000000a0000000,0x00000000a16672f0,0x00000000a6080000)
 Metaspace       used 56617K, capacity 59000K, committed 59028K, reserved 1099776K
  class space    used 7653K, capacity 8187K, committed 8192K, reserved 1048576K
Event: 31.234 GC heap after
Heap after GC invocations=12 (full 2):
 PSYoungGen      total 183296K, used 16864K [0x00000000e0000000, 0x00000000ede80000, 0x0000000100000000)
  eden space 166400K, 0% used [0x00000000e0000000,0x00000000e0000000,0x00000000ea280000)
  from space 16896K, 99% used [0x00000000eb900000,0x00000000ec978280,0x00000000ec980000)
  to   space 23040K, 0% used [0x00000000ea280000,0x00000000ea280000,0x00000000eb900000)
 ParOldGen       total 98816K, used 34196K [0x00000000a0000000, 0x00000000a6080000, 0x00000000e0000000)
  object space 98816K, 34% used [0x00000000a0000000,0x00000000a2165138,0x00000000a6080000)
 Metaspace       used 56617K, capacity 59000K, committed 59028K, reserved 1099776K
  class space    used 7653K, capacity 8187K, committed 8192K, reserved 1048576K
}
Event: 31.362 GC heap before
{Heap before GC invocations=13 (full 2):
 PSYoungGen      total 183296K, used 24603K [0x00000000e0000000, 0x00000000ede80000, 0x0000000100000000)
  eden space 166400K, 4% used [0x00000000e0000000,0x00000000e078ec08,0x00000000ea280000)
  from space 16896K, 99% used [0x00000000eb900000,0x00000000ec978280,0x00000000ec980000)
  to   space 23040K, 0% used [0x00000000ea280000,0x00000000ea280000,0x00000000eb900000)
 ParOldGen       total 98816K, used 34196K [0x00000000a0000000, 0x00000000a6080000, 0x00000000e0000000)
  object space 98816K, 34% used [0x00000000a0000000,0x00000000a2165138,0x00000000a6080000)
 Metaspace       used 56675K, capacity 59000K, committed 59028K, reserved 1099776K
  class space    used 7653K, capacity 8187K, committed 8192K, reserved 1048576K
Event: 31.392 GC heap after
Heap after GC invocations=13 (full 2):
 PSYoungGen      total 189440K, used 18553K [0x00000000e0000000, 0x00000000f1f00000, 0x0000000100000000)
  eden space 166400K, 0% used [0x00000000e0000000,0x00000000e0000000,0x00000000ea280000)
  from space 23040K, 80% used [0x00000000ea280000,0x00000000eb49e5a8,0x00000000eb900000)
  to   space 24576K, 0% used [0x00000000f0700000,0x00000000f0700000,0x00000000f1f00000)
 ParOldGen       total 98816K, used 34204K [0x00000000a0000000, 0x00000000a6080000, 0x00000000e0000000)
  object space 98816K, 34% used [0x00000000a0000000,0x00000000a2167138,0x00000000a6080000)
 Metaspace       used 56675K, capacity 59000K, committed 59028K, reserved 1099776K
  class space    used 7653K, capacity 8187K, committed 8192K, reserved 1048576K
}
Event: 31.392 GC heap before
{Heap before GC invocations=14 (full 3):
 PSYoungGen      total 189440K, used 18553K [0x00000000e0000000, 0x00000000f1f00000, 0x0000000100000000)
  eden space 166400K, 0% used [0x00000000e0000000,0x00000000e0000000,0x00000000ea280000)
  from space 23040K, 80% used [0x00000000ea280000,0x00000000eb49e5a8,0x00000000eb900000)
  to   space 24576K, 0% used [0x00000000f0700000,0x00000000f0700000,0x00000000f1f00000)
 ParOldGen       total 98816K, used 34204K [0x00000000a0000000, 0x00000000a6080000, 0x00000000e0000000)
  object space 98816K, 34% used [0x00000000a0000000,0x00000000a2167138,0x00000000a6080000)
 Metaspace       used 56675K, capacity 59000K, committed 59028K, reserved 1099776K
  class space    used 7653K, capacity 8187K, committed 8192K, reserved 1048576K
Event: 31.777 GC heap after
Heap after GC invocations=14 (full 3):
 PSYoungGen      total 189440K, used 0K [0x00000000e0000000, 0x00000000f1f00000, 0x0000000100000000)
  eden space 166400K, 0% used [0x00000000e0000000,0x00000000e0000000,0x00000000ea280000)
  from space 23040K, 0% used [0x00000000ea280000,0x00000000ea280000,0x00000000eb900000)
  to   space 24576K, 0% used [0x00000000f0700000,0x00000000f0700000,0x00000000f1f00000)
 ParOldGen       total 98816K, used 41422K [0x00000000a0000000, 0x00000000a6080000, 0x00000000e0000000)
  object space 98816K, 41% used [0x00000000a0000000,0x00000000a2873ad0,0x00000000a6080000)
 Metaspace       used 56669K, capacity 58986K, committed 59028K, reserved 1099776K
  class space    used 7652K, capacity 8184K, committed 8192K, reserved 1048576K
}

