# JRE version: OpenJDK Runtime Environment (8.0_152-b01) (build 1.8.0_152-release-915-b01)
# Java VM: OpenJDK 64-Bit Server VM (25.152-b01 mixed mode windows-amd64 compressed oops)
Heap:
 PSYoungGen      total 236544K, used 66459K [0x00000000e0000000, 0x00000000f1400000, 0x0000000100000000)
  eden space 205824K, 17% used [0x00000000e0000000,0x00000000e22e9e78,0x00000000ec900000)
  from space 30720K, 99% used [0x00000000eee00000,0x00000000f0bfcf40,0x00000000f0c00000)
  to   space 8192K, 0% used [0x00000000f0c00000,0x00000000f0c00000,0x00000000f1400000)
 ParOldGen       total 163328K, used 56581K [0x00000000a0000000, 0x00000000a9f80000, 0x00000000e0000000)
  object space 163328K, 34% used [0x00000000a0000000,0x00000000a3741598,0x00000000a9f80000)
 Metaspace       used 75599K, capacity 80598K, committed 80768K, reserved 1118208K
  class space    used 9877K, capacity 11108K, committed 11136K, reserved 1048576K
GC Heap History (10 events):
Event: 73.642 GC heap before
{Heap before GC invocations=16 (full 3):
 PSYoungGen      total 202240K, used 198252K [0x00000000e0000000, 0x00000000ee780000, 0x0000000100000000)
  eden space 186880K, 100% used [0x00000000e0000000,0x00000000eb680000,0x00000000eb680000)
  from space 15360K, 74% used [0x00000000ed880000,0x00000000ee39b208,0x00000000ee780000)
  to   space 25088K, 0% used [0x00000000eb680000,0x00000000eb680000,0x00000000ecf00000)
 ParOldGen       total 163328K, used 47680K [0x00000000a0000000, 0x00000000a9f80000, 0x00000000e0000000)
  object space 163328K, 29% used [0x00000000a0000000,0x00000000a2e90038,0x00000000a9f80000)
 Metaspace       used 67936K, capacity 71176K, committed 71424K, reserved 1110016K
  class space    used 9058K, capacity 9910K, committed 9984K, reserved 1048576K
Event: 73.673 GC heap after
Heap after GC invocations=16 (full 3):
 PSYoungGen      total 211968K, used 17751K [0x00000000e0000000, 0x00000000f0f00000, 0x0000000100000000)
  eden space 186880K, 0% used [0x00000000e0000000,0x00000000e0000000,0x00000000eb680000)
  from space 25088K, 70% used [0x00000000eb680000,0x00000000ec7d5c58,0x00000000ecf00000)
  to   space 25600K, 0% used [0x00000000ef600000,0x00000000ef600000,0x00000000f0f00000)
 ParOldGen       total 163328K, used 47688K [0x00000000a0000000, 0x00000000a9f80000, 0x00000000e0000000)
  object space 163328K, 29% used [0x00000000a0000000,0x00000000a2e92038,0x00000000a9f80000)
 Metaspace       used 67936K, capacity 71176K, committed 71424K, reserved 1110016K
  class space    used 9058K, capacity 9910K, committed 9984K, reserved 1048576K
}
Event: 599.759 GC heap before
{Heap before GC invocations=17 (full 3):
 PSYoungGen      total 211968K, used 204631K [0x00000000e0000000, 0x00000000f0f00000, 0x0000000100000000)
  eden space 186880K, 100% used [0x00000000e0000000,0x00000000eb680000,0x00000000eb680000)
  from space 25088K, 70% used [0x00000000eb680000,0x00000000ec7d5c58,0x00000000ecf00000)
  to   space 25600K, 0% used [0x00000000ef600000,0x00000000ef600000,0x00000000f0f00000)
 ParOldGen       total 163328K, used 47688K [0x00000000a0000000, 0x00000000a9f80000, 0x00000000e0000000)
  object space 163328K, 29% used [0x00000000a0000000,0x00000000a2e92038,0x00000000a9f80000)
 Metaspace       used 71364K, capacity 74878K, committed 75136K, reserved 1114112K
  class space    used 9412K, capacity 10348K, committed 10368K, reserved 1048576K
Event: 599.986 GC heap after
Heap after GC invocations=17 (full 3):
 PSYoungGen      total 237568K, used 14766K [0x00000000e0000000, 0x00000000f0780000, 0x0000000100000000)
  eden space 219648K, 0% used [0x00000000e0000000,0x00000000e0000000,0x00000000ed680000)
  from space 17920K, 82% used [0x00000000ef600000,0x00000000f046b8c8,0x00000000f0780000)
  to   space 25088K, 0% used [0x00000000ed680000,0x00000000ed680000,0x00000000eef00000)
 ParOldGen       total 163328K, used 47696K [0x00000000a0000000, 0x00000000a9f80000, 0x00000000e0000000)
  object space 163328K, 29% used [0x00000000a0000000,0x00000000a2e94038,0x00000000a9f80000)
 Metaspace       used 71364K, capacity 74878K, committed 75136K, reserved 1114112K
  class space    used 9412K, capacity 10348K, committed 10368K, reserved 1048576K
}
Event: 677.879 GC heap before
{Heap before GC invocations=18 (full 3):
 PSYoungGen      total 237568K, used 234414K [0x00000000e0000000, 0x00000000f0780000, 0x0000000100000000)
  eden space 219648K, 100% used [0x00000000e0000000,0x00000000ed680000,0x00000000ed680000)
  from space 17920K, 82% used [0x00000000ef600000,0x00000000f046b8c8,0x00000000f0780000)
  to   space 25088K, 0% used [0x00000000ed680000,0x00000000ed680000,0x00000000eef00000)
 ParOldGen       total 163328K, used 47696K [0x00000000a0000000, 0x00000000a9f80000, 0x00000000e0000000)
  object space 163328K, 29% used [0x00000000a0000000,0x00000000a2e94038,0x00000000a9f80000)
 Metaspace       used 73060K, capacity 77184K, committed 77312K, reserved 1116160K
  class space    used 9593K, capacity 10655K, committed 10752K, reserved 1048576K
Event: 677.947 GC heap after
Heap after GC invocations=18 (full 3):
 PSYoungGen      total 244736K, used 22596K [0x00000000e0000000, 0x00000000f2b80000, 0x0000000100000000)
  eden space 219648K, 0% used [0x00000000e0000000,0x00000000e0000000,0x00000000ed680000)
  from space 25088K, 90% used [0x00000000ed680000,0x00000000eec91118,0x00000000eef00000)
  to   space 27648K, 0% used [0x00000000f1080000,0x00000000f1080000,0x00000000f2b80000)
 ParOldGen       total 163328K, used 47704K [0x00000000a0000000, 0x00000000a9f80000, 0x00000000e0000000)
  object space 163328K, 29% used [0x00000000a0000000,0x00000000a2e96038,0x00000000a9f80000)
 Metaspace       used 73060K, capacity 77184K, committed 77312K, reserved 1116160K
  class space    used 9593K, capacity 10655K, committed 10752K, reserved 1048576K
}
Event: 707.089 GC heap before
{Heap before GC invocations=19 (full 3):
 PSYoungGen      total 244736K, used 242244K [0x00000000e0000000, 0x00000000f2b80000, 0x0000000100000000)
  eden space 219648K, 100% used [0x00000000e0000000,0x00000000ed680000,0x00000000ed680000)
  from space 25088K, 90% used [0x00000000ed680000,0x00000000eec91118,0x00000000eef00000)
  to   space 27648K, 0% used [0x00000000f1080000,0x00000000f1080000,0x00000000f2b80000)
 ParOldGen       total 163328K, used 47704K [0x00000000a0000000, 0x00000000a9f80000, 0x00000000e0000000)
  object space 163328K, 29% used [0x00000000a0000000,0x00000000a2e96038,0x00000000a9f80000)
 Metaspace       used 74726K, capacity 79268K, committed 79616K, reserved 1118208K
  class space    used 9760K, capacity 10891K, committed 11008K, reserved 1048576K
Event: 707.135 GC heap after
Heap after GC invocations=19 (full 3):
 PSYoungGen      total 238592K, used 25652K [0x00000000e0000000, 0x00000000f2a00000, 0x0000000100000000)
  eden space 212480K, 0% used [0x00000000e0000000,0x00000000e0000000,0x00000000ecf80000)
  from space 26112K, 98% used [0x00000000f1080000,0x00000000f298d188,0x00000000f2a00000)
  to   space 30720K, 0% used [0x00000000eee00000,0x00000000eee00000,0x00000000f0c00000)
 ParOldGen       total 163328K, used 47712K [0x00000000a0000000, 0x00000000a9f80000, 0x00000000e0000000)
  object space 163328K, 29% used [0x00000000a0000000,0x00000000a2e98038,0x00000000a9f80000)
 Metaspace       used 74726K, capacity 79268K, committed 79616K, reserved 1118208K
  class space    used 9760K, capacity 10891K, committed 11008K, reserved 1048576K
}
Event: 729.167 GC heap before
{Heap before GC invocations=20 (full 3):
 PSYoungGen      total 238592K, used 238132K [0x00000000e0000000, 0x00000000f2a00000, 0x0000000100000000)
  eden space 212480K, 100% used [0x00000000e0000000,0x00000000ecf80000,0x00000000ecf80000)
  from space 26112K, 98% used [0x00000000f1080000,0x00000000f298d188,0x00000000f2a00000)
  to   space 30720K, 0% used [0x00000000eee00000,0x00000000eee00000,0x00000000f0c00000)
 ParOldGen       total 163328K, used 47712K [0x00000000a0000000, 0x00000000a9f80000, 0x00000000e0000000)
  object space 163328K, 29% used [0x00000000a0000000,0x00000000a2e98038,0x00000000a9f80000)
 Metaspace       used 75512K, capacity 80496K, committed 80768K, reserved 1118208K
  class space    used 9869K, capacity 11101K, committed 11136K, reserved 1048576K
Event: 729.269 GC heap after
Heap after GC invocations=20 (full 3):
 PSYoungGen      total 236544K, used 30707K [0x00000000e0000000, 0x00000000f1400000, 0x0000000100000000)
  eden space 205824K, 0% used [0x00000000e0000000,0x00000000e0000000,0x00000000ec900000)
  from space 30720K, 99% used [0x00000000eee00000,0x00000000f0bfcf40,0x00000000f0c00000)
  to   space 8192K, 0% used [0x00000000f0c00000,0x00000000f0c00000,0x00000000f1400000)
 ParOldGen       total 163328K, used 56581K [0x00000000a0000000, 0x00000000a9f80000, 0x00000000e0000000)
  object space 163328K, 34% used [0x00000000a0000000,0x00000000a3741598,0x00000000a9f80000)
 Metaspace       used 75512K, capacity 80496K, committed 80768K, reserved 1118208K
  class space    used 9869K, capacity 11101K, committed 11136K, reserved 1048576K
}

